mode: set
testing/match.go:28.98,30.20 2 1
testing/match.go:43.2,47.3 1 1
testing/match.go:30.20,32.28 2 1
testing/match.go:36.3,36.28 1 1
testing/match.go:32.28,34.4 1 1
testing/match.go:36.28,37.57 1 1
testing/match.go:37.57,40.5 2 0
testing/match.go:50.87,56.29 4 1
testing/match.go:60.2,66.25 4 1
testing/match.go:74.2,74.46 1 1
testing/match.go:56.29,58.3 1 1
testing/match.go:66.25,67.25 1 1
testing/match.go:70.3,70.48 1 1
testing/match.go:67.25,68.9 1 1
testing/match.go:70.48,72.4 1 1
testing/match.go:77.37,81.26 4 1
testing/match.go:109.2,109.21 1 1
testing/match.go:81.26,82.15 1 1
testing/match.go:107.3,107.6 1 1
testing/match.go:83.12,84.8 1 1
testing/match.go:85.12,86.20 1 1
testing/match.go:89.12,90.15 1 1
testing/match.go:93.12,94.15 1 1
testing/match.go:97.13,98.7 1 1
testing/match.go:99.12,100.26 1 1
testing/match.go:86.20,88.5 1 1
testing/match.go:90.15,92.5 1 1
testing/match.go:94.15,96.5 1 1
testing/match.go:100.26,104.13 4 1
testing/match.go:114.57,117.6 3 1
testing/match.go:117.6,119.24 2 1
testing/match.go:125.3,129.16 3 1
testing/match.go:119.24,122.4 2 1
testing/match.go:135.31,137.22 2 1
testing/match.go:148.2,148.18 1 1
testing/match.go:137.22,138.10 1 1
testing/match.go:139.19,140.22 1 1
testing/match.go:141.28,143.35 2 1
testing/match.go:144.11,145.31 1 1
testing/match.go:151.27,152.16 1 1
testing/match.go:167.2,167.14 1 1
testing/match.go:152.16,153.12 1 1
testing/match.go:155.62,156.15 1 1
testing/match.go:158.8,159.18 1 1
testing/match.go:162.3,162.12 1 1
testing/match.go:159.18,161.4 1 1
testing/match.go:163.47,164.15 1 1
testing/run_example.go:21.47,22.13 1 0
testing/run_example.go:27.2,29.16 3 0
testing/run_example.go:33.2,35.12 3 0
testing/run_example.go:46.2,49.15 2 0
testing/run_example.go:62.2,63.8 2 0
testing/run_example.go:22.13,24.3 1 0
testing/run_example.go:29.16,32.3 2 0
testing/run_example.go:35.12,39.17 4 0
testing/run_example.go:43.3,43.23 1 0
testing/run_example.go:39.17,42.4 2 0
testing/run_example.go:49.15,59.3 6 0
testing/testing.go:264.13,265.13 1 1
testing/testing.go:268.2,303.22 22 1
testing/testing.go:265.13,267.3 1 0
testing/testing.go:343.51,345.2 1 1
testing/testing.go:350.79,360.2 4 1
testing/testing.go:364.78,368.22 3 1
testing/testing.go:375.2,375.35 1 1
testing/testing.go:368.22,370.3 1 0
testing/testing.go:370.8,370.35 1 1
testing/testing.go:370.35,373.3 2 1
testing/testing.go:421.19,422.18 1 1
testing/testing.go:426.2,426.20 1 1
testing/testing.go:430.2,430.15 1 1
testing/testing.go:422.18,423.45 1 0
testing/testing.go:426.20,427.46 1 0
testing/testing.go:436.25,438.2 1 0
testing/testing.go:441.21,443.19 1 1
testing/testing.go:446.2,446.20 1 1
testing/testing.go:449.2,449.16 1 1
testing/testing.go:443.19,444.47 1 0
testing/testing.go:446.20,447.48 1 0
testing/testing.go:457.52,461.15 2 1
testing/testing.go:466.2,470.12 3 1
testing/testing.go:473.2,475.44 3 1
testing/testing.go:515.2,515.19 1 0
testing/testing.go:461.15,462.19 1 1
testing/testing.go:462.19,464.4 1 1
testing/testing.go:470.12,471.39 1 0
testing/testing.go:475.44,477.38 2 1
testing/testing.go:481.3,481.25 1 1
testing/testing.go:484.3,484.33 1 1
testing/testing.go:510.3,510.46 1 1
testing/testing.go:477.38,479.12 2 1
testing/testing.go:481.25,483.4 1 1
testing/testing.go:484.33,491.19 1 1
testing/testing.go:508.4,508.20 1 1
testing/testing.go:491.19,497.21 3 1
testing/testing.go:500.5,506.13 4 1
testing/testing.go:497.21,499.6 1 0
testing/testing.go:510.46,513.4 1 1
testing/testing.go:521.54,525.16 4 1
testing/testing.go:535.2,535.15 1 1
testing/testing.go:538.2,543.48 5 1
testing/testing.go:546.2,546.29 1 1
testing/testing.go:553.2,554.21 2 1
testing/testing.go:525.16,527.56 1 1
testing/testing.go:527.56,529.4 1 1
testing/testing.go:529.9,529.63 1 0
testing/testing.go:529.63,531.4 1 0
testing/testing.go:532.8,534.3 1 0
testing/testing.go:535.15,537.3 1 0
testing/testing.go:543.48,545.3 1 1
testing/testing.go:546.29,547.12 1 1
testing/testing.go:551.3,551.24 1 1
testing/testing.go:547.12,550.4 1 0
testing/testing.go:559.78,567.23 6 1
testing/testing.go:573.2,573.42 1 1
testing/testing.go:567.23,571.3 3 1
testing/testing.go:573.42,584.3 1 1
testing/testing.go:584.8,588.3 1 1
testing/testing.go:595.54,597.17 2 1
testing/testing.go:611.2,611.8 1 1
testing/testing.go:597.17,599.16 2 1
testing/testing.go:606.3,609.14 4 1
testing/testing.go:599.16,601.4 1 0
testing/testing.go:601.9,603.4 1 1
testing/testing.go:615.42,617.2 1 1
testing/testing.go:663.29,663.30 0 0
testing/testing.go:666.32,668.2 1 1
testing/testing.go:670.27,671.21 1 1
testing/testing.go:674.2,676.14 3 1
testing/testing.go:671.21,673.3 1 1
testing/testing.go:680.25,681.21 1 1
testing/testing.go:684.2,687.12 3 1
testing/testing.go:690.2,690.17 1 1
testing/testing.go:681.21,683.3 1 1
testing/testing.go:687.12,688.64 1 1
testing/testing.go:694.32,699.2 4 1
testing/testing.go:709.28,733.2 3 1
testing/testing.go:736.32,738.2 1 1
testing/testing.go:741.48,744.12 3 1
testing/testing.go:744.12,747.65 1 1
testing/testing.go:755.3,755.63 1 1
testing/testing.go:747.65,750.20 3 1
testing/testing.go:750.20,753.5 2 1
testing/testing.go:756.8,757.22 1 1
testing/testing.go:768.3,768.57 1 1
testing/testing.go:757.22,758.15 1 1
testing/testing.go:766.4,766.10 1 1
testing/testing.go:758.15,762.5 1 0
testing/testing.go:762.10,764.5 1 1
testing/testing.go:776.43,776.75 1 1
testing/testing.go:783.59,783.98 1 1
testing/testing.go:786.45,789.2 2 1
testing/testing.go:792.61,795.2 2 1
testing/testing.go:798.45,801.2 2 0
testing/testing.go:804.61,807.2 2 1
testing/testing.go:810.44,813.2 2 1
testing/testing.go:816.60,819.2 2 0
testing/testing.go:829.28,833.2 3 1
testing/testing.go:835.25,839.2 3 1
testing/testing.go:842.33,846.2 3 1
testing/testing.go:851.27,854.22 3 1
testing/testing.go:857.2,857.39 1 1
testing/testing.go:854.22,856.3 1 1
testing/testing.go:863.36,868.21 5 1
testing/testing.go:882.2,885.22 3 1
testing/testing.go:868.21,869.24 1 1
testing/testing.go:877.3,880.6 4 1
testing/testing.go:869.24,870.17 1 1
testing/testing.go:870.17,875.5 4 1
testing/testing.go:898.35,901.26 1 1
testing/testing.go:920.2,920.25 1 1
testing/testing.go:923.2,925.44 3 1
testing/testing.go:928.2,928.12 1 1
testing/testing.go:901.26,906.29 2 1
testing/testing.go:909.3,912.26 3 1
testing/testing.go:906.29,908.4 1 1
testing/testing.go:912.26,913.21 1 1
testing/testing.go:913.21,914.51 1 1
testing/testing.go:914.51,916.6 1 0
testing/testing.go:920.25,922.3 1 0
testing/testing.go:925.44,927.3 1 0
testing/testing.go:942.70,947.20 5 1
testing/testing.go:951.2,951.33 1 1
testing/testing.go:957.2,958.12 2 1
testing/testing.go:947.20,949.3 1 1
testing/testing.go:951.33,952.16 1 1
testing/testing.go:952.16,954.4 1 1
testing/testing.go:963.34,967.12 3 1
testing/testing.go:970.2,972.23 3 1
testing/testing.go:967.12,968.39 1 0
testing/testing.go:979.24,980.18 1 1
testing/testing.go:983.2,994.21 5 1
testing/testing.go:1004.2,1008.21 4 1
testing/testing.go:1012.2,1013.32 2 1
testing/testing.go:980.18,981.53 1 0
testing/testing.go:994.21,1002.3 1 1
testing/testing.go:1008.21,1010.3 1 1
testing/testing.go:1025.35,1032.15 2 1
testing/testing.go:1115.2,1115.15 1 1
testing/testing.go:1121.2,1126.19 4 1
testing/testing.go:1032.15,1033.17 1 1
testing/testing.go:1037.3,1037.37 1 1
testing/testing.go:1042.3,1044.32 3 1
testing/testing.go:1056.3,1056.36 1 1
testing/testing.go:1074.3,1074.17 1 1
testing/testing.go:1078.3,1080.21 2 1
testing/testing.go:1105.3,1110.58 3 1
testing/testing.go:1113.3,1113.21 1 1
testing/testing.go:1033.17,1035.4 1 1
testing/testing.go:1037.37,1039.4 1 0
testing/testing.go:1044.32,1046.46 2 1
testing/testing.go:1046.46,1047.19 1 1
testing/testing.go:1047.19,1051.11 4 1
testing/testing.go:1056.36,1058.58 2 0
testing/testing.go:1062.4,1062.66 1 0
testing/testing.go:1072.4,1072.14 1 0
testing/testing.go:1058.58,1060.5 1 0
testing/testing.go:1062.66,1068.69 6 0
testing/testing.go:1068.69,1070.6 1 0
testing/testing.go:1074.17,1076.4 1 0
testing/testing.go:1080.21,1087.30 3 1
testing/testing.go:1090.4,1093.18 4 1
testing/testing.go:1096.4,1096.21 1 1
testing/testing.go:1087.30,1089.5 1 1
testing/testing.go:1093.18,1095.5 1 0
testing/testing.go:1096.21,1099.5 1 1
testing/testing.go:1100.9,1100.26 1 1
testing/testing.go:1100.26,1104.4 1 1
testing/testing.go:1110.58,1112.4 1 1
testing/testing.go:1115.15,1116.22 1 1
testing/testing.go:1116.22,1118.4 1 1
testing/testing.go:1135.49,1138.29 3 1
testing/testing.go:1144.2,1160.21 5 1
testing/testing.go:1168.2,1169.17 2 1
testing/testing.go:1174.2,1174.18 1 1
testing/testing.go:1138.29,1140.3 1 0
testing/testing.go:1160.21,1162.3 1 1
testing/testing.go:1169.17,1173.3 1 1
testing/testing.go:1181.54,1184.2 2 0
testing/testing.go:1208.63,1215.2 1 1
testing/testing.go:1217.38,1219.31 2 1
testing/testing.go:1224.2,1226.19 3 1
testing/testing.go:1219.31,1223.3 3 1
testing/testing.go:1229.33,1231.23 2 1
testing/testing.go:1236.2,1238.25 3 1
testing/testing.go:1231.23,1235.3 3 1
testing/testing.go:1247.71,1247.93 1 0
testing/testing.go:1248.71,1248.89 1 0
testing/testing.go:1249.72,1249.73 0 0
testing/testing.go:1250.71,1250.89 1 0
testing/testing.go:1251.71,1251.84 1 0
testing/testing.go:1252.72,1252.73 0 0
testing/testing.go:1253.71,1253.89 1 0
testing/testing.go:1261.142,1263.2 1 0
testing/testing.go:1299.116,1307.2 2 1
testing/testing.go:1310.30,1311.15 1 1
testing/testing.go:1319.2,1322.20 2 1
testing/testing.go:1326.2,1326.19 1 1
testing/testing.go:1333.2,1333.26 1 1
testing/testing.go:1339.2,1348.55 9 1
testing/testing.go:1351.2,1351.121 1 1
testing/testing.go:1357.2,1359.8 3 1
testing/testing.go:1311.15,1313.3 1 0
testing/testing.go:1322.20,1324.3 1 1
testing/testing.go:1326.19,1331.3 4 0
testing/testing.go:1333.26,1337.3 3 0
testing/testing.go:1348.55,1350.3 1 0
testing/testing.go:1351.121,1355.3 3 0
testing/testing.go:1362.22,1363.21 1 1
testing/testing.go:1366.2,1368.16 3 1
testing/testing.go:1363.21,1365.3 1 1
testing/testing.go:1368.16,1370.3 1 1
testing/testing.go:1370.8,1370.28 1 1
testing/testing.go:1370.28,1371.18 1 1
testing/testing.go:1371.18,1373.4 1 1
testing/testing.go:1373.9,1375.4 1 1
testing/testing.go:1379.147,1380.64 1 0
testing/testing.go:1385.2,1385.29 1 0
testing/testing.go:1390.2,1390.35 1 0
testing/testing.go:1395.2,1395.35 1 0
testing/testing.go:1380.64,1383.3 2 0
testing/testing.go:1385.29,1386.54 1 0
testing/testing.go:1386.54,1388.4 1 0
testing/testing.go:1390.35,1391.55 1 0
testing/testing.go:1391.55,1393.4 1 0
testing/testing.go:1395.35,1396.57 1 0
testing/testing.go:1396.57,1398.4 1 0
testing/testing.go:1404.96,1406.18 2 0
testing/testing.go:1409.2,1410.27 2 0
testing/testing.go:1413.2,1413.11 1 0
testing/testing.go:1406.18,1408.3 1 0
testing/testing.go:1410.27,1412.3 1 0
testing/testing.go:1416.121,1418.32 2 1
testing/testing.go:1450.2,1450.16 1 1
testing/testing.go:1418.32,1420.37 2 1
testing/testing.go:1420.37,1421.24 1 1
testing/testing.go:1424.4,1434.17 4 1
testing/testing.go:1437.4,1437.26 1 1
testing/testing.go:1446.4,1447.22 2 1
testing/testing.go:1421.24,1422.10 1 0
testing/testing.go:1434.17,1436.5 1 1
testing/testing.go:1437.26,1438.32 1 1
testing/testing.go:1444.5,1444.15 1 1
testing/testing.go:1438.32,1440.6 1 1
testing/testing.go:1444.15,1444.29 1 1
testing/testing.go:1454.22,1455.25 1 1
testing/testing.go:1458.2,1458.23 1 1
testing/testing.go:1471.2,1471.22 1 1
testing/testing.go:1484.2,1484.51 1 1
testing/testing.go:1487.2,1487.55 1 1
testing/testing.go:1490.2,1490.45 1 1
testing/testing.go:1494.2,1494.20 1 1
testing/testing.go:1455.25,1457.3 1 0
testing/testing.go:1458.23,1460.17 2 0
testing/testing.go:1464.3,1464.51 1 0
testing/testing.go:1460.17,1463.4 2 0
testing/testing.go:1464.51,1468.4 3 0
testing/testing.go:1471.22,1473.17 2 0
testing/testing.go:1477.3,1477.40 1 0
testing/testing.go:1473.17,1476.4 2 0
testing/testing.go:1477.40,1481.4 3 0
testing/testing.go:1484.51,1486.3 1 0
testing/testing.go:1487.55,1489.3 1 0
testing/testing.go:1490.45,1493.3 2 0
testing/testing.go:1494.20,1499.20 3 0
testing/testing.go:1507.3,1507.17 1 0
testing/testing.go:1511.3,1512.18 2 0
testing/testing.go:1499.20,1501.4 1 0
testing/testing.go:1501.9,1503.18 2 0
testing/testing.go:1503.18,1505.5 1 0
testing/testing.go:1507.17,1510.4 2 0
testing/testing.go:1517.21,1518.24 1 1
testing/testing.go:1518.24,1520.3 1 1
testing/testing.go:1523.29,1524.20 1 1
testing/testing.go:1534.2,1534.23 1 1
testing/testing.go:1537.2,1537.22 1 1
testing/testing.go:1540.2,1540.23 1 1
testing/testing.go:1553.2,1553.51 1 1
testing/testing.go:1565.2,1565.55 1 1
testing/testing.go:1577.2,1577.22 1 1
testing/testing.go:1524.20,1525.46 1 0
testing/testing.go:1529.3,1529.45 1 0
testing/testing.go:1525.46,1528.4 2 0
testing/testing.go:1529.45,1532.4 2 0
testing/testing.go:1534.23,1536.3 1 0
testing/testing.go:1537.22,1539.3 1 0
testing/testing.go:1540.23,1542.17 2 0
testing/testing.go:1546.3,1547.62 2 0
testing/testing.go:1551.3,1551.12 1 0
testing/testing.go:1542.17,1545.4 2 0
testing/testing.go:1547.62,1550.4 2 0
testing/testing.go:1553.51,1555.17 2 0
testing/testing.go:1559.3,1559.61 1 0
testing/testing.go:1563.3,1563.12 1 0
testing/testing.go:1555.17,1558.4 2 0
testing/testing.go:1559.61,1562.4 2 0
testing/testing.go:1565.55,1567.17 2 0
testing/testing.go:1571.3,1571.61 1 0
testing/testing.go:1575.3,1575.12 1 0
testing/testing.go:1567.17,1570.4 2 0
testing/testing.go:1571.61,1574.4 2 0
testing/testing.go:1577.22,1579.3 1 1
testing/testing.go:1584.38,1585.36 1 1
testing/testing.go:1595.2,1595.49 1 0
testing/testing.go:1602.2,1602.33 1 0
testing/testing.go:1605.2,1605.66 1 0
testing/testing.go:1585.36,1587.3 1 1
testing/testing.go:1595.49,1597.89 2 0
testing/testing.go:1597.89,1600.4 1 0
testing/testing.go:1602.33,1604.3 1 0
testing/testing.go:1609.36,1610.19 1 1
testing/testing.go:1614.2,1615.44 2 1
testing/testing.go:1620.2,1620.17 1 1
testing/testing.go:1610.19,1612.3 1 0
testing/testing.go:1615.44,1618.58 3 0
testing/testing.go:1624.25,1625.18 1 1
testing/testing.go:1625.18,1627.3 1 1
testing/testing.go:1630.21,1631.54 1 1
testing/testing.go:1643.2,1643.20 1 1
testing/testing.go:1631.54,1633.16 2 1
testing/testing.go:1636.3,1637.29 2 0
testing/testing.go:1641.3,1641.33 1 0
testing/testing.go:1633.16,1634.12 1 1
testing/testing.go:1637.29,1640.4 2 0
testing/testing.go:1643.20,1645.3 1 1
testing/testing.go:1648.28,1650.2 1 1
testing/allocs.go:20.53,32.28 6 1
testing/allocs.go:37.2,44.40 3 1
testing/allocs.go:32.28,34.3 1 1
testing/benchmark.go:24.27,28.2 3 1
testing/benchmark.go:42.41,43.13 1 1
testing/benchmark.go:46.2,46.36 1 1
testing/benchmark.go:43.13,45.3 1 0
testing/benchmark.go:49.45,50.31 1 0
testing/benchmark.go:58.2,59.26 2 0
testing/benchmark.go:62.2,63.12 2 0
testing/benchmark.go:50.31,52.27 2 0
testing/benchmark.go:55.3,56.13 2 0
testing/benchmark.go:52.27,54.4 1 0
testing/benchmark.go:59.26,61.3 1 0
testing/benchmark.go:120.26,121.16 1 1
testing/benchmark.go:121.16,127.3 5 1
testing/benchmark.go:133.25,134.15 1 1
testing/benchmark.go:134.15,140.3 5 1
testing/benchmark.go:146.26,147.20 1 1
testing/benchmark.go:156.2,156.15 1 1
testing/benchmark.go:162.2,164.16 3 1
testing/benchmark.go:147.20,151.3 1 1
testing/benchmark.go:151.8,152.26 1 1
testing/benchmark.go:152.26,154.4 1 1
testing/benchmark.go:156.15,161.3 4 0
testing/benchmark.go:169.31,169.46 1 1
testing/benchmark.go:174.28,176.2 1 1
testing/benchmark.go:179.25,196.22 15 1
testing/benchmark.go:196.22,198.3 1 0
testing/benchmark.go:201.28,202.11 1 1
testing/benchmark.go:205.2,205.10 1 1
testing/benchmark.go:202.11,204.3 1 1
testing/benchmark.go:208.28,209.11 1 1
testing/benchmark.go:212.2,212.10 1 1
testing/benchmark.go:209.11,211.3 1 0
testing/benchmark.go:217.25,218.34 1 1
testing/benchmark.go:224.2,224.12 1 1
testing/benchmark.go:233.2,234.14 2 1
testing/benchmark.go:240.2,240.52 1 1
testing/benchmark.go:251.2,251.13 1 1
testing/benchmark.go:218.34,220.56 1 0
testing/benchmark.go:220.56,222.4 1 0
testing/benchmark.go:224.12,227.16 1 1
testing/benchmark.go:231.3,231.12 1 1
testing/benchmark.go:227.16,229.4 1 1
testing/benchmark.go:234.14,237.3 2 1
testing/benchmark.go:240.52,242.16 2 1
testing/benchmark.go:245.3,245.59 1 1
testing/benchmark.go:249.3,249.15 1 1
testing/benchmark.go:242.16,244.4 1 1
testing/benchmark.go:245.59,248.4 2 1
testing/benchmark.go:258.19,259.23 1 1
testing/benchmark.go:266.2,266.22 1 1
testing/benchmark.go:259.23,262.25 3 1
testing/benchmark.go:262.25,264.4 1 0
testing/benchmark.go:266.22,269.3 1 0
testing/benchmark.go:269.8,272.3 1 1
testing/benchmark.go:275.39,279.2 3 1
testing/benchmark.go:285.22,288.15 1 1
testing/benchmark.go:293.2,293.23 1 1
testing/benchmark.go:324.2,324.88 1 1
testing/benchmark.go:288.15,290.3 1 1
testing/benchmark.go:293.23,295.3 1 0
testing/benchmark.go:295.8,297.62 2 1
testing/benchmark.go:297.62,303.19 5 1
testing/benchmark.go:312.4,321.18 6 1
testing/benchmark.go:303.19,306.5 1 0
testing/benchmark.go:336.50,337.16 1 1
testing/benchmark.go:340.2,340.51 1 1
testing/benchmark.go:343.2,343.19 1 1
testing/benchmark.go:337.16,338.41 1 0
testing/benchmark.go:340.51,341.51 1 0
testing/benchmark.go:359.42,360.35 1 1
testing/benchmark.go:363.2,363.14 1 1
testing/benchmark.go:366.2,366.39 1 1
testing/benchmark.go:360.35,362.3 1 1
testing/benchmark.go:363.14,365.3 1 1
testing/benchmark.go:370.45,371.34 1 1
testing/benchmark.go:374.2,374.42 1 1
testing/benchmark.go:377.2,377.64 1 0
testing/benchmark.go:371.34,373.3 1 0
testing/benchmark.go:374.42,376.3 1 1
testing/benchmark.go:382.46,383.39 1 1
testing/benchmark.go:386.2,386.14 1 1
testing/benchmark.go:389.2,389.40 1 1
testing/benchmark.go:383.39,385.3 1 0
testing/benchmark.go:386.14,388.3 1 1
testing/benchmark.go:394.52,395.34 1 1
testing/benchmark.go:398.2,398.14 1 1
testing/benchmark.go:401.2,401.39 1 1
testing/benchmark.go:395.34,397.3 1 0
testing/benchmark.go:398.14,400.3 1 1
testing/benchmark.go:411.42,417.9 4 1
testing/benchmark.go:420.2,420.13 1 1
testing/benchmark.go:425.2,425.35 1 1
testing/benchmark.go:431.2,432.25 2 1
testing/benchmark.go:440.2,441.30 2 1
testing/benchmark.go:445.2,445.21 1 1
testing/benchmark.go:417.9,419.3 1 1
testing/benchmark.go:420.13,423.3 2 1
testing/benchmark.go:425.35,427.3 1 0
testing/benchmark.go:432.25,433.12 1 1
testing/benchmark.go:438.3,438.35 1 1
testing/benchmark.go:434.45,436.12 1 1
testing/benchmark.go:441.30,444.3 2 1
testing/benchmark.go:448.55,452.27 2 1
testing/benchmark.go:468.2,468.33 1 1
testing/benchmark.go:453.28,454.23 1 1
testing/benchmark.go:455.18,456.23 1 1
testing/benchmark.go:457.19,458.23 1 1
testing/benchmark.go:459.20,460.23 1 1
testing/benchmark.go:461.21,462.23 1 1
testing/benchmark.go:463.22,464.23 1 1
testing/benchmark.go:465.10,466.23 1 0
testing/benchmark.go:472.45,475.2 1 0
testing/benchmark.go:478.47,479.12 1 0
testing/benchmark.go:482.2,482.13 1 0
testing/benchmark.go:479.12,481.3 1 0
testing/benchmark.go:494.101,496.2 1 0
testing/benchmark.go:498.125,500.32 1 1
testing/benchmark.go:504.2,505.32 2 0
testing/benchmark.go:510.2,515.39 3 0
testing/benchmark.go:524.2,531.25 1 0
testing/benchmark.go:539.2,539.15 1 0
testing/benchmark.go:542.2,543.21 2 0
testing/benchmark.go:500.32,502.3 1 1
testing/benchmark.go:505.32,506.23 1 0
testing/benchmark.go:506.23,508.4 1 0
testing/benchmark.go:515.39,516.72 1 0
testing/benchmark.go:516.72,519.60 3 0
testing/benchmark.go:519.60,521.5 1 0
testing/benchmark.go:531.25,532.33 1 0
testing/benchmark.go:532.33,534.5 1 0
testing/benchmark.go:539.15,541.3 1 0
testing/benchmark.go:547.45,548.32 1 0
testing/benchmark.go:548.32,549.37 1 0
testing/benchmark.go:549.37,554.23 3 0
testing/benchmark.go:558.4,558.22 1 0
testing/benchmark.go:572.4,573.16 2 0
testing/benchmark.go:580.4,581.23 2 0
testing/benchmark.go:584.4,584.45 1 0
testing/benchmark.go:587.4,590.25 2 0
testing/benchmark.go:594.4,594.47 1 0
testing/benchmark.go:554.23,556.5 1 0
testing/benchmark.go:558.22,571.5 2 0
testing/benchmark.go:573.16,578.13 2 0
testing/benchmark.go:581.23,583.5 1 0
testing/benchmark.go:584.45,586.5 1 0
testing/benchmark.go:590.25,593.5 2 0
testing/benchmark.go:594.47,596.5 1 0
testing/benchmark.go:606.49,614.22 5 1
testing/benchmark.go:617.2,617.9 1 1
testing/benchmark.go:620.2,638.13 4 1
testing/benchmark.go:644.2,644.21 1 1
testing/benchmark.go:656.2,656.16 1 1
testing/benchmark.go:659.2,660.20 2 1
testing/benchmark.go:614.22,616.3 1 0
testing/benchmark.go:617.9,619.3 1 0
testing/benchmark.go:638.13,642.3 1 0
testing/benchmark.go:644.21,645.24 1 1
testing/benchmark.go:653.3,653.25 1 1
testing/benchmark.go:645.24,648.26 3 0
testing/benchmark.go:648.26,650.5 1 0
testing/benchmark.go:656.16,658.3 1 1
testing/benchmark.go:666.40,672.22 4 1
testing/benchmark.go:678.2,678.21 1 1
testing/benchmark.go:681.2,682.49 2 1
testing/benchmark.go:672.22,677.3 2 1
testing/benchmark.go:678.21,680.3 1 1
testing/benchmark.go:686.26,691.49 2 1
testing/benchmark.go:691.49,692.26 1 0
testing/benchmark.go:692.26,694.30 2 0
testing/benchmark.go:694.30,696.10 2 0
testing/benchmark.go:711.27,712.19 1 1
testing/benchmark.go:722.2,723.13 2 1
testing/benchmark.go:712.19,714.17 2 1
testing/benchmark.go:714.17,716.4 1 1
testing/benchmark.go:716.9,716.32 1 1
testing/benchmark.go:716.32,718.4 1 1
testing/benchmark.go:718.9,720.4 1 1
testing/benchmark.go:736.41,737.14 1 1
testing/benchmark.go:743.2,744.47 2 1
testing/benchmark.go:747.2,747.15 1 1
testing/benchmark.go:752.2,752.17 1 1
testing/benchmark.go:756.2,760.32 5 1
testing/benchmark.go:771.2,772.37 2 1
testing/benchmark.go:737.14,739.3 1 0
testing/benchmark.go:744.47,746.3 1 1
testing/benchmark.go:747.15,749.3 1 1
testing/benchmark.go:752.17,754.3 1 0
testing/benchmark.go:760.32,761.13 1 1
testing/benchmark.go:761.13,769.4 3 1
testing/benchmark.go:772.37,774.3 1 0
testing/benchmark.go:780.35,781.12 1 1
testing/benchmark.go:781.12,783.3 1 1
testing/benchmark.go:794.46,803.14 2 1
testing/benchmark.go:806.2,806.17 1 1
testing/benchmark.go:803.14,805.3 1 1
testing/benchmark.go:811.51,811.73 1 1
testing/cover.go:48.25,50.42 2 0
testing/cover.go:58.2,58.12 1 0
testing/cover.go:61.2,61.32 1 0
testing/cover.go:50.42,51.27 1 0
testing/cover.go:51.27,52.43 1 0
testing/cover.go:55.4,55.7 1 0
testing/cover.go:52.43,54.5 1 0
testing/cover.go:58.12,60.3 1 0
testing/cover.go:67.29,69.2 1 1
testing/cover.go:72.27,73.16 1 1
testing/cover.go:73.16,76.3 2 0
testing/cover.go:80.20,83.25 3 1
testing/cover.go:90.2,92.43 3 1
testing/cover.go:111.2,111.16 1 0
testing/cover.go:115.2,115.109 1 0
testing/cover.go:83.25,87.16 4 1
testing/cover.go:87.16,87.40 1 0
testing/cover.go:92.43,94.25 2 1
testing/cover.go:94.25,98.17 4 1
testing/cover.go:101.4,101.16 1 1
testing/cover.go:98.17,100.5 1 1
testing/cover.go:101.16,108.5 2 1
testing/cover.go:111.16,114.3 2 0
testing/example.go:24.105,27.2 2 0
testing/example.go:29.110,34.29 3 1
testing/example.go:49.2,49.16 1 1
testing/example.go:34.29,36.17 2 0
testing/example.go:40.3,40.15 1 0
testing/example.go:43.3,44.22 2 0
testing/example.go:36.17,39.4 2 0
testing/example.go:40.15,41.12 1 0
testing/example.go:44.22,46.4 1 0
testing/example.go:52.38,56.2 3 0
testing/example.go:65.122,72.18 6 0
testing/example.go:81.2,81.36 1 0
testing/example.go:87.2,87.22 1 0
testing/example.go:92.2,92.8 1 0
testing/example.go:72.18,73.60 1 0
testing/example.go:73.60,75.4 1 0
testing/example.go:76.8,77.38 1 0
testing/example.go:77.38,79.4 1 0
testing/example.go:81.36,84.3 2 0
testing/example.go:84.8,84.20 1 0
testing/example.go:84.20,86.3 1 0
testing/example.go:87.22,89.19 1 0
